<?xml version="1.0" encoding="UTF-8" standalone="no"?>
<testsuite failures="1" name="cucumber.runtime.formatter.JUnitFormatter" skipped="0" tests="2" time="27.289593">
<testcase classname="ABSoft login feature" name="ABSoft login test scenario" time="15.284998">
<system-out><![CDATA[Given user is already on login page.........................................passed
When title of the page is My Account........................................passed
Then user enters "testuser3" and "testpwd3".................................passed
Then user click on login button.............................................passed
Then user logged in successfully............................................passed
]]></system-out>
</testcase>
<testcase classname="ABSoft login feature" name="ABSoft login test scenario 2" time="12.004595">
<failure message="java.lang.AssertionError&#13;&#10;&#9;at org.junit.Assert.fail(Assert.java:86)&#13;&#10;&#9;at org.junit.Assert.assertTrue(Assert.java:41)&#13;&#10;&#9;at org.junit.Assert.assertTrue(Assert.java:52)&#13;&#10;&#9;at stepDefination.LoginStepDefination.user_logged_in_successfully(LoginStepDefination.java:55)&#13;&#10;&#9;at ✽.Then user logged in successfully(C:/Users/Rohit/eclipse-workspace/CucumberBDDFramework/src/main/java/features/login.feature:21)&#13;&#10;"><![CDATA[Given user is already on login page.........................................passed
When title of the page is My Account........................................passed
Then user enters "testuser2" and "testpwd2".................................passed
Then user click on login button.............................................passed
Then user logged in successfully............................................failed

StackTrace:
java.lang.AssertionError
	at org.junit.Assert.fail(Assert.java:86)
	at org.junit.Assert.assertTrue(Assert.java:41)
	at org.junit.Assert.assertTrue(Assert.java:52)
	at stepDefination.LoginStepDefination.user_logged_in_successfully(LoginStepDefination.java:55)
	at ✽.Then user logged in successfully(C:/Users/Rohit/eclipse-workspace/CucumberBDDFramework/src/main/java/features/login.feature:21)
]]></failure>
</testcase>
</testsuite>
