<?xml version="1.0" encoding="UTF-8" standalone="no"?>
<testsuite failures="0" name="cucumber.runtime.formatter.JUnitFormatter" skipped="0" tests="1" time="15.027874">
<testcase classname="Login Data Driven using Tables" name="ABSoft login test scenario" time="15.027874">
<system-out><![CDATA[Given user is already on login page.........................................passed
When title of the page is My Account........................................passed
Then user enter username and password.......................................passed
Then user click on login button.............................................passed
Then user logged in successfully............................................passed
]]></system-out>
</testcase>
</testsuite>
